androidApp/build/intermediates/manifest_merge_blame_file/debug/manifest-merger-blame-debug-report.txt
1<?xml version="1.0" encoding="utf-8"?>
2<manifest xmlns:android="http://schemas.android.com/apk/res/android"
3    package="com.example.ioshacketonapp.androidApp"
4    android:versionCode="1"
5    android:versionName="1.0" >
6
7    <uses-sdk
8        android:minSdkVersion="24"
8-->src/main/AndroidManifest.xml
9        android:targetSdkVersion="29" />
9-->src/main/AndroidManifest.xml
10
11    <uses-permission android:name="android.permission.INTERNET" />
11-->[:shared] AndroidManifest.xml:11:5-67
11-->[:shared] AndroidManifest.xml:11:22-64
12
13    <application
13-->src/main/AndroidManifest.xml:4:5-15:19
14        android:allowBackup="false"
14-->src/main/AndroidManifest.xml:5:13-40
15        android:appComponentFactory="androidx.core.app.CoreComponentFactory"
15-->[androidx.core:core:1.3.0] AndroidManifest.xml:24:18-86
16        android:debuggable="true"
17        android:extractNativeLibs="false"
18        android:supportsRtl="true"
18-->src/main/AndroidManifest.xml:6:13-39
19        android:theme="@style/AppTheme" >
19-->src/main/AndroidManifest.xml:7:13-44
20        <activity android:name="com.example.ioshacketonapp.androidApp.MainActivity" >
20-->src/main/AndroidManifest.xml:8:9-14:20
20-->src/main/AndroidManifest.xml:8:19-47
21            <intent-filter>
21-->src/main/AndroidManifest.xml:9:13-13:29
22                <action android:name="android.intent.action.MAIN" />
22-->src/main/AndroidManifest.xml:10:17-68
22-->src/main/AndroidManifest.xml:10:25-66
23
24                <category android:name="android.intent.category.LAUNCHER" />
24-->src/main/AndroidManifest.xml:12:17-76
24-->src/main/AndroidManifest.xml:12:27-74
25            </intent-filter>
26        </activity>
27    </application>
28
29</manifest>